2019-10-30 18:08:31.433  INFO 15276 --- [main] c.haulmont.demoboot.DemoBootApplication  : Starting DemoBootApplication on artamonov-e with PID 15276 (/home/artamonov-e/projects/labs/demo-boot/target/classes started by artamonov-e in /home/artamonov-e/projects/labs/demo-boot)
2019-10-30 18:08:31.442  INFO 15276 --- [main] c.haulmont.demoboot.DemoBootApplication  : No active profile set, falling back to default profiles: default
2019-10-30 18:08:33.337  INFO 15276 --- [main] o.s.b.w.embedded.tomcat.TomcatWebServer  : Tomcat initialized with port(s): 8080 (http)
2019-10-30 18:08:33.351  INFO 15276 --- [main] o.apache.catalina.core.StandardService   : Starting service [Tomcat]
2019-10-30 18:08:33.351  INFO 15276 --- [main] org.apache.catalina.core.StandardEngine  : Starting Servlet engine: [Apache Tomcat/9.0.27]
2019-10-30 18:08:33.352  INFO 15276 --- [main] o.a.catalina.core.AprLifecycleListener   : An older version [1.2.21] of the APR based Apache Tomcat Native library is installed, while Tomcat recommends a minimum version of [1.2.23]
2019-10-30 18:08:33.352  INFO 15276 --- [main] o.a.catalina.core.AprLifecycleListener   : Loaded APR based Apache Tomcat Native library [1.2.21] using APR version [1.6.3].
2019-10-30 18:08:33.352  INFO 15276 --- [main] o.a.catalina.core.AprLifecycleListener   : APR capabilities: IPv6 [true], sendfile [true], accept filters [false], random [true].
2019-10-30 18:08:33.352  INFO 15276 --- [main] o.a.catalina.core.AprLifecycleListener   : APR/OpenSSL configuration: useAprConnector [false], useOpenSSL [true]
2019-10-30 18:08:33.355  INFO 15276 --- [main] o.a.catalina.core.AprLifecycleListener   : OpenSSL successfully initialized [OpenSSL 1.1.0g  2 Nov 2017]
2019-10-30 18:08:33.410  INFO 15276 --- [main] o.a.c.c.C.[Tomcat].[localhost].[/]       : Initializing Spring embedded WebApplicationContext
2019-10-30 18:08:33.411  INFO 15276 --- [main] o.s.web.context.ContextLoader            : Root WebApplicationContext: initialization completed in 1736 ms
2019-10-30 18:08:34.012  INFO 15276 --- [main] o.s.s.concurrent.ThreadPoolTaskExecutor  : Initializing ExecutorService 'applicationTaskExecutor'
2019-10-30 18:08:34.157  INFO 15276 --- [main] o.s.b.a.w.s.WelcomePageHandlerMapping    : Adding welcome page: class path resource [static/index.html]
2019-10-30 18:08:34.355  INFO 15276 --- [main] o.s.b.a.e.web.EndpointLinksResolver      : Exposing 15 endpoint(s) beneath base path '/actuator'
2019-10-30 18:08:34.493  INFO 15276 --- [main] o.s.b.w.embedded.tomcat.TomcatWebServer  : Tomcat started on port(s): 8080 (http) with context path ''
2019-10-30 18:08:34.502  INFO 15276 --- [main] c.haulmont.demoboot.DemoBootApplication  : Started DemoBootApplication in 3.704 seconds (JVM running for 4.299)
2019-10-30 18:08:34.659  INFO 15276 --- [http-nio-8080-exec-3] o.a.c.c.C.[Tomcat].[localhost].[/]       : Initializing Spring DispatcherServlet 'dispatcherServlet'
2019-10-30 18:08:34.659  INFO 15276 --- [http-nio-8080-exec-3] o.s.web.servlet.DispatcherServlet        : Initializing Servlet 'dispatcherServlet'
2019-10-30 18:08:34.665  INFO 15276 --- [http-nio-8080-exec-3] o.s.web.servlet.DispatcherServlet        : Completed initialization in 6 ms
2019-10-30 18:18:12.686  INFO 15276 --- [SpringContextShutdownHook] o.s.s.concurrent.ThreadPoolTaskExecutor  : Shutting down ExecutorService 'applicationTaskExecutor'
2019-10-30 18:18:16.209  INFO 16604 --- [main] c.haulmont.demoboot.DemoBootApplication  : Starting DemoBootApplication on artamonov-e with PID 16604 (/home/artamonov-e/projects/labs/demo-boot/target/classes started by artamonov-e in /home/artamonov-e/projects/labs/demo-boot)
2019-10-30 18:18:16.217  INFO 16604 --- [main] c.haulmont.demoboot.DemoBootApplication  : No active profile set, falling back to default profiles: default
2019-10-30 18:18:18.040  INFO 16604 --- [main] o.s.b.w.embedded.tomcat.TomcatWebServer  : Tomcat initialized with port(s): 8080 (http)
2019-10-30 18:18:18.053  INFO 16604 --- [main] o.apache.catalina.core.StandardService   : Starting service [Tomcat]
2019-10-30 18:18:18.054  INFO 16604 --- [main] org.apache.catalina.core.StandardEngine  : Starting Servlet engine: [Apache Tomcat/9.0.27]
2019-10-30 18:18:18.056  INFO 16604 --- [main] o.a.catalina.core.AprLifecycleListener   : An older version [1.2.21] of the APR based Apache Tomcat Native library is installed, while Tomcat recommends a minimum version of [1.2.23]
2019-10-30 18:18:18.057  INFO 16604 --- [main] o.a.catalina.core.AprLifecycleListener   : Loaded APR based Apache Tomcat Native library [1.2.21] using APR version [1.6.3].
2019-10-30 18:18:18.057  INFO 16604 --- [main] o.a.catalina.core.AprLifecycleListener   : APR capabilities: IPv6 [true], sendfile [true], accept filters [false], random [true].
2019-10-30 18:18:18.057  INFO 16604 --- [main] o.a.catalina.core.AprLifecycleListener   : APR/OpenSSL configuration: useAprConnector [false], useOpenSSL [true]
2019-10-30 18:18:18.060  INFO 16604 --- [main] o.a.catalina.core.AprLifecycleListener   : OpenSSL successfully initialized [OpenSSL 1.1.0g  2 Nov 2017]
2019-10-30 18:18:18.142  INFO 16604 --- [main] o.a.c.c.C.[Tomcat].[localhost].[/]       : Initializing Spring embedded WebApplicationContext
2019-10-30 18:18:18.143  INFO 16604 --- [main] o.s.web.context.ContextLoader            : Root WebApplicationContext: initialization completed in 1781 ms
2019-10-30 18:18:18.479  INFO 16604 --- [main] o.s.s.concurrent.ThreadPoolTaskExecutor  : Initializing ExecutorService 'applicationTaskExecutor'
2019-10-30 18:18:18.611  INFO 16604 --- [main] o.s.b.a.w.s.WelcomePageHandlerMapping    : Adding welcome page: class path resource [static/index.html]
2019-10-30 18:18:18.838  INFO 16604 --- [main] o.s.b.a.e.web.EndpointLinksResolver      : Exposing 15 endpoint(s) beneath base path '/actuator'
2019-10-30 18:18:18.968  INFO 16604 --- [main] o.s.b.w.embedded.tomcat.TomcatWebServer  : Tomcat started on port(s): 8080 (http) with context path ''
2019-10-30 18:18:18.982  INFO 16604 --- [main] c.haulmont.demoboot.DemoBootApplication  : Started DemoBootApplication in 3.637 seconds (JVM running for 4.189)
2019-10-30 18:18:20.918  INFO 16604 --- [http-nio-8080-exec-5] o.a.c.c.C.[Tomcat].[localhost].[/]       : Initializing Spring DispatcherServlet 'dispatcherServlet'
2019-10-30 18:18:20.918  INFO 16604 --- [http-nio-8080-exec-5] o.s.web.servlet.DispatcherServlet        : Initializing Servlet 'dispatcherServlet'
2019-10-30 18:18:20.929  INFO 16604 --- [http-nio-8080-exec-5] o.s.web.servlet.DispatcherServlet        : Completed initialization in 11 ms
2019-10-30 18:36:27.194  INFO 16604 --- [SpringContextShutdownHook] o.s.s.concurrent.ThreadPoolTaskExecutor  : Shutting down ExecutorService 'applicationTaskExecutor'
